[2025-02-13 10:04:37] [31merror[39m: Worker 19920 died, spawning a new one.
[2025-02-13 10:04:37] [31merror[39m: Worker 26664 died, spawning a new one.
[2025-02-13 10:04:37] [31merror[39m: Worker 16848 died, spawning a new one.
[2025-02-13 10:04:37] [31merror[39m: Worker 5296 died, spawning a new one.
[2025-02-13 10:04:37] [31merror[39m: Worker 27276 died, spawning a new one.
[2025-02-13 10:04:37] [31merror[39m: Worker 19476 died, spawning a new one.
[2025-02-13 10:04:37] [31merror[39m: Worker 31896 died, spawning a new one.
[2025-02-13 10:04:37] [31merror[39m: Worker 17692 died, spawning a new one.
[2025-02-13 10:04:37] [31merror[39m: Worker 28760 died, spawning a new one.
[2025-02-13 10:04:37] [31merror[39m: Worker 28180 died, spawning a new one.
[2025-02-13 10:04:37] [31merror[39m: Worker 4152 died, spawning a new one.
[2025-02-13 10:04:37] [31merror[39m: Worker 16524 died, spawning a new one.
[2025-02-13 10:04:37] [31merror[39m: Worker 15016 died, spawning a new one.
[2025-02-13 10:04:37] [31merror[39m: Worker 17972 died, spawning a new one.
[2025-02-13 10:04:38] [31merror[39m: Worker 1668 died, spawning a new one.
[2025-02-13 10:04:38] [31merror[39m: Worker 25360 died, spawning a new one.
[2025-02-13 10:04:40] [31merror[39m: Worker 12956 died, spawning a new one.
[2025-02-13 10:04:40] [31merror[39m: Worker 6460 died, spawning a new one.
[2025-02-13 10:04:40] [31merror[39m: Worker 23960 died, spawning a new one.
[2025-02-13 10:04:40] [31merror[39m: Worker 20344 died, spawning a new one.
[2025-02-13 10:04:40] [31merror[39m: Worker 12804 died, spawning a new one.
[2025-02-13 10:04:41] [31merror[39m: Worker 23612 died, spawning a new one.
[2025-02-13 10:04:41] [31merror[39m: Worker 20408 died, spawning a new one.
[2025-02-13 10:04:41] [31merror[39m: Worker 18004 died, spawning a new one.
[2025-02-13 10:04:41] [31merror[39m: Worker 5444 died, spawning a new one.
[2025-02-13 10:04:41] [31merror[39m: Worker 18388 died, spawning a new one.
[2025-02-13 10:04:41] [31merror[39m: Worker 30876 died, spawning a new one.
[2025-02-13 10:04:41] [31merror[39m: Worker 18528 died, spawning a new one.
[2025-02-13 10:04:41] [31merror[39m: Worker 13916 died, spawning a new one.
[2025-02-13 10:04:41] [31merror[39m: Worker 30308 died, spawning a new one.
[2025-02-13 10:04:41] [31merror[39m: Worker 24204 died, spawning a new one.
[2025-02-13 10:04:41] [31merror[39m: Worker 16452 died, spawning a new one.
[2025-02-13 10:04:43] [31merror[39m: Worker 13176 died, spawning a new one.
[2025-02-13 10:04:44] [31merror[39m: Worker 5740 died, spawning a new one.
[2025-02-13 10:04:44] [31merror[39m: Worker 20104 died, spawning a new one.
[2025-02-13 10:04:44] [31merror[39m: Worker 17380 died, spawning a new one.
[2025-02-13 10:04:44] [31merror[39m: Worker 25704 died, spawning a new one.
[2025-02-13 10:04:44] [31merror[39m: Worker 27144 died, spawning a new one.
[2025-02-13 10:04:44] [31merror[39m: Worker 12264 died, spawning a new one.
[2025-02-13 10:04:44] [31merror[39m: Worker 16192 died, spawning a new one.
[2025-02-13 10:04:44] [31merror[39m: Worker 15068 died, spawning a new one.
[2025-02-13 10:04:44] [31merror[39m: Worker 30444 died, spawning a new one.
[2025-02-13 10:04:44] [31merror[39m: Worker 30744 died, spawning a new one.
[2025-02-13 10:04:44] [31merror[39m: Worker 19544 died, spawning a new one.
[2025-02-13 10:04:44] [31merror[39m: Worker 2688 died, spawning a new one.
[2025-02-13 10:04:44] [31merror[39m: Worker 22476 died, spawning a new one.
[2025-02-13 10:04:44] [31merror[39m: Worker 27004 died, spawning a new one.
[2025-02-13 10:04:44] [31merror[39m: Worker 31296 died, spawning a new one.
[2025-02-13 10:04:47] [31merror[39m: Worker 23368 died, spawning a new one.
[2025-02-13 10:04:47] [31merror[39m: Worker 31184 died, spawning a new one.
[2025-02-13 10:04:47] [31merror[39m: Worker 19508 died, spawning a new one.
[2025-02-13 10:04:47] [31merror[39m: Worker 5172 died, spawning a new one.
[2025-02-13 10:04:47] [31merror[39m: Worker 20580 died, spawning a new one.
[2025-02-13 10:04:47] [31merror[39m: Worker 27308 died, spawning a new one.
[2025-02-13 10:04:47] [31merror[39m: Worker 29308 died, spawning a new one.
[2025-02-13 10:04:47] [31merror[39m: Worker 32708 died, spawning a new one.
[2025-02-13 10:04:47] [31merror[39m: Worker 9924 died, spawning a new one.
[2025-02-13 10:04:47] [31merror[39m: Worker 26404 died, spawning a new one.
[2025-02-13 10:04:47] [31merror[39m: Worker 16916 died, spawning a new one.
[2025-02-13 10:04:47] [31merror[39m: Worker 25008 died, spawning a new one.
[2025-02-13 10:04:47] [31merror[39m: Worker 11792 died, spawning a new one.
[2025-02-13 10:04:47] [31merror[39m: Worker 27056 died, spawning a new one.
[2025-02-13 10:04:47] [31merror[39m: Worker 31112 died, spawning a new one.
[2025-02-13 10:04:48] [31merror[39m: Worker 28980 died, spawning a new one.
[2025-02-13 10:04:50] [31merror[39m: Worker 31864 died, spawning a new one.
[2025-02-13 10:04:50] [31merror[39m: Worker 21096 died, spawning a new one.
[2025-02-13 10:04:50] [31merror[39m: Worker 20692 died, spawning a new one.
[2025-02-13 10:04:51] [31merror[39m: Worker 32604 died, spawning a new one.
[2025-02-13 10:04:51] [31merror[39m: Worker 3036 died, spawning a new one.
[2025-02-13 10:04:51] [31merror[39m: Worker 15500 died, spawning a new one.
[2025-02-13 10:04:51] [31merror[39m: Worker 24528 died, spawning a new one.
[2025-02-13 10:04:51] [31merror[39m: Worker 28976 died, spawning a new one.
[2025-02-13 10:04:51] [31merror[39m: Worker 20124 died, spawning a new one.
[2025-02-13 10:04:51] [31merror[39m: Worker 17904 died, spawning a new one.
[2025-02-13 10:04:51] [31merror[39m: Worker 25460 died, spawning a new one.
[2025-02-13 10:04:51] [31merror[39m: Worker 9832 died, spawning a new one.
[2025-02-13 10:04:51] [31merror[39m: Worker 13464 died, spawning a new one.
[2025-02-13 10:04:51] [31merror[39m: Worker 9460 died, spawning a new one.
[2025-02-13 10:04:51] [31merror[39m: Worker 30960 died, spawning a new one.
[2025-02-13 10:04:51] [31merror[39m: Worker 22148 died, spawning a new one.
[2025-02-13 10:04:53] [31merror[39m: Worker 28668 died, spawning a new one.
[2025-02-13 10:04:53] [31merror[39m: Worker 3052 died, spawning a new one.
[2025-02-13 10:04:53] [31merror[39m: Worker 11184 died, spawning a new one.
[2025-02-13 10:04:53] [31merror[39m: Worker 27336 died, spawning a new one.
[2025-02-13 10:04:53] [31merror[39m: Worker 32300 died, spawning a new one.
[2025-02-13 10:04:53] [31merror[39m: Worker 12440 died, spawning a new one.
[2025-02-13 10:04:53] [31merror[39m: Worker 24468 died, spawning a new one.
[2025-02-13 10:27:13] [31merror[39m: Worker 17692 died, spawning a new one.
[2025-02-13 10:27:13] [31merror[39m: Worker 28556 died, spawning a new one.
[2025-02-13 10:27:13] [31merror[39m: Worker 21084 died, spawning a new one.
[2025-02-13 10:27:13] [31merror[39m: Worker 13176 died, spawning a new one.
[2025-02-13 10:27:13] [31merror[39m: Worker 27940 died, spawning a new one.
[2025-02-13 10:27:13] [31merror[39m: Worker 25720 died, spawning a new one.
[2025-02-13 10:27:13] [31merror[39m: Worker 4916 died, spawning a new one.
[2025-02-13 10:27:13] [31merror[39m: Worker 7100 died, spawning a new one.
[2025-02-13 10:27:13] [31merror[39m: Worker 24404 died, spawning a new one.
[2025-02-13 10:30:49] [31merror[39m: Unexpected token 'O', "OK" is not valid JSON
[2025-02-13 10:31:32] [31merror[39m: Unexpected token 'O', "OK" is not valid JSON
[2025-02-13 10:31:58] [31merror[39m: Unexpected token 'O', "OK" is not valid JSON
[2025-02-13 10:32:09] [31merror[39m: Unexpected token 'O', "OK" is not valid JSON
[2025-02-13 10:32:54] [31merror[39m: Unexpected token 'O', "OK" is not valid JSON
[2025-02-13 10:33:43] [31merror[39m: Unexpected token 'O', "OK" is not valid JSON
[2025-02-13 13:13:50] [31merror[39m: Uncaught Exception: read ECONNRESET
[2025-02-13 13:13:50] [31merror[39m: Worker 20040 died with code 1, spawning a new one...
[2025-02-13 13:13:50] [31merror[39m: Uncaught Exception: read ECONNRESET
[2025-02-13 13:13:50] [31merror[39m: Uncaught Exception: read ECONNRESET
[2025-02-13 13:13:50] [31merror[39m: Worker 20112 died with code 1, spawning a new one...
[2025-02-13 13:13:50] [31merror[39m: Worker 19752 died with code 1, spawning a new one...
[2025-02-13 13:13:50] [31merror[39m: Uncaught Exception: read ECONNRESET
[2025-02-13 13:13:50] [31merror[39m: Worker 28656 died with code 1, spawning a new one...
[2025-02-13 13:13:50] [31merror[39m: Uncaught Exception: read ECONNRESET
[2025-02-13 13:13:50] [31merror[39m: Uncaught Exception: read ECONNRESET
[2025-02-13 13:13:50] [31merror[39m: Uncaught Exception: read ECONNRESET
[2025-02-13 13:13:50] [31merror[39m: Uncaught Exception: read ECONNRESET
[2025-02-13 13:13:50] [31merror[39m: Worker 28300 died with code 1, spawning a new one...
[2025-02-13 13:13:50] [31merror[39m: Uncaught Exception: read ECONNRESET
[2025-02-13 13:13:50] [31merror[39m: Worker 27276 died with code 1, spawning a new one...
[2025-02-13 13:13:50] [31merror[39m: Uncaught Exception: read ECONNRESET
[2025-02-13 13:13:50] [31merror[39m: Uncaught Exception: read ECONNRESET
[2025-02-13 13:13:50] [31merror[39m: Worker 29244 died with code 1, spawning a new one...
[2025-02-13 13:13:50] [31merror[39m: Worker 8496 died with code 1, spawning a new one...
[2025-02-13 13:13:50] [31merror[39m: Uncaught Exception: read ECONNRESET
[2025-02-13 13:13:50] [31merror[39m: Uncaught Exception: read ECONNRESET
[2025-02-13 13:13:50] [31merror[39m: Uncaught Exception: read ECONNRESET
[2025-02-13 13:13:50] [31merror[39m: Uncaught Exception: read ECONNRESET
[2025-02-13 13:13:50] [31merror[39m: Worker 20888 died with code 1, spawning a new one...
[2025-02-13 13:13:50] [31merror[39m: Uncaught Exception: read ECONNRESET
[2025-02-13 13:13:50] [31merror[39m: Worker 24264 died with code 1, spawning a new one...
[2025-02-13 13:13:50] [31merror[39m: Worker 5224 died with code 1, spawning a new one...
[2025-02-13 13:13:50] [31merror[39m: Worker 10220 died with code 1, spawning a new one...
[2025-02-13 13:13:50] [31merror[39m: Worker 27932 died with code 1, spawning a new one...
[2025-02-13 13:13:50] [31merror[39m: Worker 27900 died with code 1, spawning a new one...
[2025-02-13 13:13:50] [31merror[39m: Worker 18452 died with code 1, spawning a new one...
[2025-02-13 13:13:50] [31merror[39m: Worker 1620 died with code 1, spawning a new one...
[2025-02-13 13:25:14] [31merror[39m: Uncaught Exception: read ECONNRESET
[2025-02-13 21:43:45] [31merror[39m: Uncaught Exception: read ECONNRESET
[2025-02-13 21:43:45] [31merror[39m: Worker 26528 died with code 1, spawning a new one...
[2025-02-13 21:43:45] [31merror[39m: Uncaught Exception: read ECONNRESET
[2025-02-13 21:43:45] [31merror[39m: Worker 13232 died with code 1, spawning a new one...
[2025-02-13 21:43:45] [31merror[39m: Uncaught Exception: read ECONNRESET
[2025-02-13 21:43:45] [31merror[39m: Uncaught Exception: read ECONNRESET
[2025-02-13 21:43:45] [31merror[39m: Uncaught Exception: read ECONNRESET
[2025-02-14 00:22:04] [31merror[39m: Uncaught Exception: read ECONNRESET
[2025-02-14 00:28:54] [31merror[39m: Uncaught Exception: Access denied for user 'root'@'105.113.76.178' (using password: YES)
[2025-02-14 00:29:28] [31merror[39m: Uncaught Exception: Access denied for user 'root'@'105.113.76.178' (using password: YES)
[2025-02-15 15:38:54] [31merror[39m: Uncaught Exception: Access denied for user 'root'@'105.113.113.74' (using password: YES)
[2025-02-15 15:46:03] [31merror[39m: Uncaught Exception: read ECONNRESET
[2025-02-15 15:46:03] [31merror[39m: Uncaught Exception: read ECONNRESET
[2025-02-15 15:46:03] [31merror[39m: Uncaught Exception: read ECONNRESET
[2025-02-15 15:46:03] [31merror[39m: Uncaught Exception: read ECONNRESET
[2025-02-15 15:46:03] [31merror[39m: Uncaught Exception: read ECONNRESET
[2025-02-15 15:46:03] [31merror[39m: Uncaught Exception: read ECONNRESET
[2025-02-15 15:46:03] [31merror[39m: Uncaught Exception: read ECONNRESET
[2025-02-15 15:46:03] [31merror[39m: Uncaught Exception: read ECONNRESET
[2025-02-15 15:46:03] [31merror[39m: Uncaught Exception: read ECONNRESET
[2025-02-15 15:46:03] [31merror[39m: Uncaught Exception: read ECONNRESET
[2025-02-15 15:46:03] [31merror[39m: Uncaught Exception: read ECONNRESET
[2025-02-15 15:46:03] [31merror[39m: Uncaught Exception: read ECONNRESET
[2025-02-15 15:46:03] [31merror[39m: Uncaught Exception: read ECONNRESET
[2025-02-15 15:46:03] [31merror[39m: Uncaught Exception: read ECONNRESET
[2025-02-15 15:46:03] [31merror[39m: Uncaught Exception: read ECONNRESET
[2025-02-15 15:46:03] [31merror[39m: Uncaught Exception: read ECONNRESET
[2025-02-15 15:46:03] [31merror[39m: Uncaught Exception: read ECONNRESET
[2025-02-17 08:11:52] [31merror[39m: Uncaught Exception: Access denied for user 'root'@'105.113.57.225' (using password: YES)
[2025-02-17 08:11:57] [31merror[39m: Uncaught Exception: Access denied for user 'root'@'105.113.57.225' (using password: YES)
[2025-02-17 08:12:00] [31merror[39m: Uncaught Exception: Access denied for user 'root'@'105.113.57.225' (using password: YES)
[2025-02-18 12:00:30] [31merror[39m: Uncaught Exception: Access denied for user 'root'@'197.210.84.62' (using password: YES)
[2025-02-18 13:26:47] [31merror[39m: Uncaught Exception: Access denied for user 'root'@'102.89.69.177' (using password: YES)
[2025-02-18 14:17:58] [31merror[39m: Worker 7400 died with code 1, spawning a new one...
[2025-02-18 14:17:58] [31merror[39m: Worker 23328 died with code 1, spawning a new one...
[2025-02-18 14:17:58] [31merror[39m: Worker 23280 died with code 1, spawning a new one...
[2025-02-18 14:17:58] [31merror[39m: Worker 23992 died with code 1, spawning a new one...
[2025-02-18 14:17:58] [31merror[39m: Worker 23284 died with code 1, spawning a new one...
[2025-02-18 14:17:58] [31merror[39m: Worker 14192 died with code 1, spawning a new one...
[2025-02-18 14:17:58] [31merror[39m: Worker 13680 died with code 1, spawning a new one...
[2025-02-18 14:17:58] [31merror[39m: Worker 7032 died with code 1, spawning a new one...
[2025-02-18 14:18:24] [31merror[39m: Worker 25024 died with code 1, spawning a new one...
[2025-02-18 14:18:24] [31merror[39m: Worker 24664 died with code 1, spawning a new one...
[2025-02-18 14:18:24] [31merror[39m: Worker 23692 died with code 1, spawning a new one...
[2025-02-18 14:18:24] [31merror[39m: Worker 24672 died with code 1, spawning a new one...
[2025-02-18 14:18:24] [31merror[39m: Worker 6244 died with code 1, spawning a new one...
[2025-02-18 14:18:24] [31merror[39m: Worker 25184 died with code 1, spawning a new one...
[2025-02-18 14:29:36] [31merror[39m: Worker 4340 died with code 1, spawning a new one...
[2025-02-18 19:15:08] [31merror[39m: Uncaught Exception: read ECONNRESET
[2025-02-18 19:15:08] [31merror[39m: Uncaught Exception: read ECONNRESET
[2025-02-18 19:15:08] [31merror[39m: Uncaught Exception: read ECONNRESET
[2025-02-18 19:15:08] [31merror[39m: Uncaught Exception: read ECONNRESET
[2025-02-18 19:15:08] [31merror[39m: Uncaught Exception: read ECONNRESET
[2025-02-18 19:15:08] [31merror[39m: Uncaught Exception: read ECONNRESET
[2025-02-18 19:15:08] [31merror[39m: Uncaught Exception: read ECONNRESET
[2025-02-18 19:15:08] [31merror[39m: Uncaught Exception: read ECONNRESET
[2025-02-18 19:15:08] [31merror[39m: Uncaught Exception: read ECONNRESET
[2025-02-18 19:15:08] [31merror[39m: Uncaught Exception: read ECONNRESET
[2025-02-18 19:15:08] [31merror[39m: Uncaught Exception: read ECONNRESET
[2025-02-18 19:15:08] [31merror[39m: Uncaught Exception: read ECONNRESET
[2025-02-18 19:15:08] [31merror[39m: Uncaught Exception: read ECONNRESET
[2025-02-18 19:15:08] [31merror[39m: Uncaught Exception: read ECONNRESET
[2025-02-18 19:15:08] [31merror[39m: Uncaught Exception: read ECONNRESET
[2025-02-18 19:15:08] [31merror[39m: Uncaught Exception: read ECONNRESET
[2025-02-18 19:15:08] [31merror[39m: Uncaught Exception: read ECONNRESET
[2025-02-20 01:20:30] [31merror[39m: Uncaught Exception: Access denied for user 'root'@'102.89.69.30' (using password: YES)
[2025-02-20 01:21:07] [31merror[39m: Uncaught Exception: Access denied for user 'root'@'102.89.69.30' (using password: YES)
[2025-02-20 11:22:56] [31merror[39m: Uncaught Exception: read ECONNRESET
[2025-02-20 11:22:56] [31merror[39m: Worker 25748 died with code 1, spawning a new one...
[2025-02-20 11:22:57] [31merror[39m: Uncaught Exception: read ECONNRESET
[2025-02-20 11:22:57] [31merror[39m: Uncaught Exception: read ECONNRESET
[2025-02-20 11:22:57] [31merror[39m: Uncaught Exception: read ECONNRESET
[2025-02-20 11:22:57] [31merror[39m: Uncaught Exception: read ECONNRESET
[2025-02-20 11:22:57] [31merror[39m: Uncaught Exception: read ECONNRESET
[2025-02-20 11:22:57] [31merror[39m: Uncaught Exception: read ECONNRESET
[2025-02-20 11:22:57] [31merror[39m: Uncaught Exception: read ECONNRESET
[2025-02-20 11:22:57] [31merror[39m: Uncaught Exception: read ECONNRESET
[2025-02-20 11:22:57] [31merror[39m: Uncaught Exception: read ECONNRESET
[2025-02-20 11:22:57] [31merror[39m: Uncaught Exception: read ECONNRESET
[2025-02-20 11:22:57] [31merror[39m: Uncaught Exception: read ECONNRESET
[2025-02-20 11:22:57] [31merror[39m: Uncaught Exception: read ECONNRESET
[2025-02-20 11:22:57] [31merror[39m: Uncaught Exception: read ECONNRESET
[2025-02-20 11:22:57] [31merror[39m: Uncaught Exception: read ECONNRESET
[2025-02-20 11:22:57] [31merror[39m: Uncaught Exception: read ECONNRESET
[2025-02-20 13:23:46] [31merror[39m: Uncaught Exception: connect ETIMEDOUT
[2025-02-20 13:24:40] [31merror[39m: Uncaught Exception: connect ETIMEDOUT
[2025-02-20 13:28:04] [31merror[39m: Uncaught Exception: Access denied for user 'root'@'105.113.65.86' (using password: YES)
[2025-02-20 13:35:36] [31merror[39m: Uncaught Exception: Access denied for user 'root'@'105.113.103.105' (using password: YES)
[2025-02-20 17:24:42] [31merror[39m: Uncaught Exception: read ECONNRESET
[2025-02-20 17:24:42] [31merror[39m: Worker 20396 died with code 1, spawning a new one...
[2025-02-20 17:24:42] [31merror[39m: Uncaught Exception: read ECONNRESET
[2025-02-20 17:24:42] [31merror[39m: Uncaught Exception: read ECONNRESET
[2025-02-20 17:24:42] [31merror[39m: Worker 11288 died with code 1, spawning a new one...
[2025-02-20 17:24:42] [31merror[39m: Worker 4068 died with code 1, spawning a new one...
[2025-02-20 17:24:42] [31merror[39m: Uncaught Exception: read ECONNRESET
[2025-02-20 17:24:42] [31merror[39m: Worker 10364 died with code 1, spawning a new one...
[2025-02-20 17:24:44] [31merror[39m: Uncaught Exception: read ECONNRESET
[2025-02-20 17:24:44] [31merror[39m: Worker 6756 died with code 1, spawning a new one...
[2025-02-20 17:24:45] [31merror[39m: Uncaught Exception: read ECONNRESET
